<?xml version="1.0" encoding="UTF-8" ?>
<testsuite tests="14" failures="0" name="testrunner.TestRunner" time="0.005" errors="0" skipped="0">
  <properties>
[...]
</properties>
  <testcase classname="| hp laptop |" name="Given user is on Home Page" time="0.005"/>
  <testcase classname="| hp laptop |" name="When he submit username and password" time="0"/>
  <testcase classname="| hp laptop |" name="And he search for &quot;hp laptop&quot;" time="0"/>
  <testcase classname="| hp laptop |" name="And choose to buy the first item" time="0"/>
  <testcase classname="| hp laptop |" name="And Add product to shopping cart" time="0"/>
  <testcase classname="| hp laptop |" name="And Cliks on proceed to check out" time="0"/>
  <testcase classname="| hp laptop |" name="| hp laptop |" time="0"/>
  <testcase classname="| hp laptop |" name="Given user is on Home Page" time="0"/>
  <testcase classname="| hp laptop |" name="When he submit username and password" time="0"/>
  <testcase classname="| hp laptop |" name="And he search for &quot;hp laptop&quot;" time="0"/>
  <testcase classname="| hp laptop |" name="And choose to buy the first item" time="0"/>
  <testcase classname="| hp laptop |" name="And Add product to shopping cart" time="0"/>
  <testcase classname="| hp laptop |" name="And Cliks on proceed to check out" time="0"/>
  <testcase classname="| hp laptop |" name="| hp laptop |" time="0"/>
</testsuite>